============================= test session starts ==============================
platform darwin -- Python 3.7.2, pytest-4.2.0, py-1.7.0, pluggy-0.8.1 -- /Users/h0y01c9/code/pyEx/sd/venv/bin/python
cachedir: .pytest_cache
rootdir: /Users/h0y01c9/code/pyEx/sd/module11, inifile:
collecting ... collected 3 items / 2 deselected / 1 selected

test_fixtures_BCE_11_3.py::test_a_tuple FAILED                           [100%]

=================================== FAILURES ===================================
_________________________________ test_a_tuple _________________________________

a_tuple = (1, 'foo', None, {'bar': 23})

    def test_a_tuple(a_tuple):
        """Demo the a_tuple fixture."""
>       assert a_tuple[3]['bar'] == 32
E       assert 23 == 32
E         -23
E         +32

test_fixtures_BCE_11_3.py:44: AssertionError
==================== 1 failed, 2 deselected in 0.06 seconds ====================
